<?xml version="1.0" encoding="UTF-8"?><testrun name="HomeTest" project="HOME" tests="30" started="30" failures="2" errors="0" ignored="0">
  <testsuite name="HomeTest" time="0.035" uniqueid="[engine:junit-jupiter]/[class:HomeTest]">
    <testcase name="addTwoFirePitsToHouse" classname="HomeTest" time="0.009" displayname="addTwoFirePitsToHouse()" uniqueid="[engine:junit-jupiter]/[class:HomeTest]/[method:addTwoFirePitsToHouse()]"/>
    <testcase name="addTwoGaragesToHouse" classname="HomeTest" time="0.0" displayname="addTwoGaragesToHouse()" uniqueid="[engine:junit-jupiter]/[class:HomeTest]/[method:addTwoGaragesToHouse()]"/>
    <testcase name="addTwoBedroomsToHouse" classname="HomeTest" time="0.0" displayname="addTwoBedroomsToHouse()" uniqueid="[engine:junit-jupiter]/[class:HomeTest]/[method:addTwoBedroomsToHouse()]"/>
    <testcase name="basicMansion" classname="HomeTest" time="0.0" displayname="basicMansion()" uniqueid="[engine:junit-jupiter]/[class:HomeTest]/[method:basicMansion()]"/>
    <testcase name="addAcreageToRuralHouse" classname="HomeTest" time="0.001" displayname="addAcreageToRuralHouse()" uniqueid="[engine:junit-jupiter]/[class:HomeTest]/[method:addAcreageToRuralHouse()]"/>
    <testcase name="addCentralACToHouse" classname="HomeTest" time="0.0" displayname="addCentralACToHouse()" uniqueid="[engine:junit-jupiter]/[class:HomeTest]/[method:addCentralACToHouse()]"/>
    <testcase name="basicCastle" classname="HomeTest" time="0.013" displayname="basicCastle()" uniqueid="[engine:junit-jupiter]/[class:HomeTest]/[method:basicCastle()]">
      <failure>
        <expected>1.0E7</expected>
        <actual>100000.0</actual>org.opentest4j.AssertionFailedError: expected: &lt;1.0E7&gt; but was: &lt;100000.0&gt;&#13;
	at org.junit.jupiter.api.AssertionUtils.fail(AssertionUtils.java:52)&#13;
	at org.junit.jupiter.api.AssertEquals.failNotEqual(AssertEquals.java:177)&#13;
	at org.junit.jupiter.api.AssertEquals.assertEquals(AssertEquals.java:74)&#13;
	at org.junit.jupiter.api.AssertEquals.assertEquals(AssertEquals.java:65)&#13;
	at org.junit.jupiter.api.Assertions.assertEquals(Assertions.java:424)&#13;
	at HomeTest.basicCastle(HomeTest.java:25)&#13;
	at sun.reflect.NativeMethodAccessorImpl.invoke0(Native Method)&#13;
	at sun.reflect.NativeMethodAccessorImpl.invoke(Unknown Source)&#13;
	at sun.reflect.DelegatingMethodAccessorImpl.invoke(Unknown Source)&#13;
	at java.lang.reflect.Method.invoke(Unknown Source)&#13;
	at org.junit.platform.commons.util.ReflectionUtils.invokeMethod(ReflectionUtils.java:389)&#13;
	at org.junit.jupiter.engine.execution.ExecutableInvoker.invoke(ExecutableInvoker.java:115)&#13;
	at org.junit.jupiter.engine.descriptor.TestMethodTestDescriptor.lambda$invokeTestMethod$6(TestMethodTestDescriptor.java:167)&#13;
	at org.junit.jupiter.engine.execution.ThrowableCollector.execute(ThrowableCollector.java:40)&#13;
	at org.junit.jupiter.engine.descriptor.TestMethodTestDescriptor.invokeTestMethod(TestMethodTestDescriptor.java:163)&#13;
	at org.junit.jupiter.engine.descriptor.TestMethodTestDescriptor.execute(TestMethodTestDescriptor.java:110)&#13;
	at org.junit.jupiter.engine.descriptor.TestMethodTestDescriptor.execute(TestMethodTestDescriptor.java:57)&#13;
	at org.junit.platform.engine.support.hierarchical.HierarchicalTestExecutor.lambda$execute$3(HierarchicalTestExecutor.java:83)&#13;
	at org.junit.platform.engine.support.hierarchical.SingleTestExecutor.executeSafely(SingleTestExecutor.java:66)&#13;
	at org.junit.platform.engine.support.hierarchical.HierarchicalTestExecutor.execute(HierarchicalTestExecutor.java:77)&#13;
	at org.junit.platform.engine.support.hierarchical.HierarchicalTestExecutor.lambda$null$2(HierarchicalTestExecutor.java:92)&#13;
	at java.util.stream.ForEachOps$ForEachOp$OfRef.accept(Unknown Source)&#13;
	at java.util.stream.ReferencePipeline$2$1.accept(Unknown Source)&#13;
	at java.util.Iterator.forEachRemaining(Unknown Source)&#13;
	at java.util.Spliterators$IteratorSpliterator.forEachRemaining(Unknown Source)&#13;
	at java.util.stream.AbstractPipeline.copyInto(Unknown Source)&#13;
	at java.util.stream.AbstractPipeline.wrapAndCopyInto(Unknown Source)&#13;
	at java.util.stream.ForEachOps$ForEachOp.evaluateSequential(Unknown Source)&#13;
	at java.util.stream.ForEachOps$ForEachOp$OfRef.evaluateSequential(Unknown Source)&#13;
	at java.util.stream.AbstractPipeline.evaluate(Unknown Source)&#13;
	at java.util.stream.ReferencePipeline.forEach(Unknown Source)&#13;
	at org.junit.platform.engine.support.hierarchical.HierarchicalTestExecutor.lambda$execute$3(HierarchicalTestExecutor.java:92)&#13;
	at org.junit.platform.engine.support.hierarchical.SingleTestExecutor.executeSafely(SingleTestExecutor.java:66)&#13;
	at org.junit.platform.engine.support.hierarchical.HierarchicalTestExecutor.execute(HierarchicalTestExecutor.java:77)&#13;
	at org.junit.platform.engine.support.hierarchical.HierarchicalTestExecutor.lambda$null$2(HierarchicalTestExecutor.java:92)&#13;
	at java.util.stream.ForEachOps$ForEachOp$OfRef.accept(Unknown Source)&#13;
	at java.util.stream.ReferencePipeline$2$1.accept(Unknown Source)&#13;
	at java.util.Iterator.forEachRemaining(Unknown Source)&#13;
	at java.util.Spliterators$IteratorSpliterator.forEachRemaining(Unknown Source)&#13;
	at java.util.stream.AbstractPipeline.copyInto(Unknown Source)&#13;
	at java.util.stream.AbstractPipeline.wrapAndCopyInto(Unknown Source)&#13;
	at java.util.stream.ForEachOps$ForEachOp.evaluateSequential(Unknown Source)&#13;
	at java.util.stream.ForEachOps$ForEachOp$OfRef.evaluateSequential(Unknown Source)&#13;
	at java.util.stream.AbstractPipeline.evaluate(Unknown Source)&#13;
	at java.util.stream.ReferencePipeline.forEach(Unknown Source)&#13;
	at org.junit.platform.engine.support.hierarchical.HierarchicalTestExecutor.lambda$execute$3(HierarchicalTestExecutor.java:92)&#13;
	at org.junit.platform.engine.support.hierarchical.SingleTestExecutor.executeSafely(SingleTestExecutor.java:66)&#13;
	at org.junit.platform.engine.support.hierarchical.HierarchicalTestExecutor.execute(HierarchicalTestExecutor.java:77)&#13;
	at org.junit.platform.engine.support.hierarchical.HierarchicalTestExecutor.execute(HierarchicalTestExecutor.java:51)&#13;
	at org.junit.platform.engine.support.hierarchical.HierarchicalTestEngine.execute(HierarchicalTestEngine.java:43)&#13;
	at org.junit.platform.launcher.core.DefaultLauncher.execute(DefaultLauncher.java:170)&#13;
	at org.junit.platform.launcher.core.DefaultLauncher.execute(DefaultLauncher.java:154)&#13;
	at org.junit.platform.launcher.core.DefaultLauncher.execute(DefaultLauncher.java:90)&#13;
	at org.eclipse.jdt.internal.junit5.runner.JUnit5TestReference.run(JUnit5TestReference.java:86)&#13;
	at org.eclipse.jdt.internal.junit.runner.TestExecution.run(TestExecution.java:38)&#13;
	at org.eclipse.jdt.internal.junit.runner.RemoteTestRunner.runTests(RemoteTestRunner.java:538)&#13;
	at org.eclipse.jdt.internal.junit.runner.RemoteTestRunner.runTests(RemoteTestRunner.java:760)&#13;
	at org.eclipse.jdt.internal.junit.runner.RemoteTestRunner.run(RemoteTestRunner.java:460)&#13;
	at org.eclipse.jdt.internal.junit.runner.RemoteTestRunner.main(RemoteTestRunner.java:206)&#13;
&#13;
</failure>
    </testcase>
    <testcase name="basicCondo" classname="HomeTest" time="0.0" displayname="basicCondo()" uniqueid="[engine:junit-jupiter]/[class:HomeTest]/[method:basicCondo()]"/>
    <testcase name="exampleApartment" classname="HomeTest" time="0.001" displayname="exampleApartment()" uniqueid="[engine:junit-jupiter]/[class:HomeTest]/[method:exampleApartment()]"/>
    <testcase name="basicHouse" classname="HomeTest" time="0.0" displayname="basicHouse()" uniqueid="[engine:junit-jupiter]/[class:HomeTest]/[method:basicHouse()]"/>
    <testcase name="basicMobileHouse" classname="HomeTest" time="0.0" displayname="basicMobileHouse()" uniqueid="[engine:junit-jupiter]/[class:HomeTest]/[method:basicMobileHouse()]"/>
    <testcase name="basicApartment" classname="HomeTest" time="0.0" displayname="basicApartment()" uniqueid="[engine:junit-jupiter]/[class:HomeTest]/[method:basicApartment()]"/>
    <testcase name="addSchoolDistrictToHouse" classname="HomeTest" time="0.0" displayname="addSchoolDistrictToHouse()" uniqueid="[engine:junit-jupiter]/[class:HomeTest]/[method:addSchoolDistrictToHouse()]"/>
    <testcase name="addTwoGolfCourseToHouse" classname="HomeTest" time="0.001" displayname="addTwoGolfCourseToHouse()" uniqueid="[engine:junit-jupiter]/[class:HomeTest]/[method:addTwoGolfCourseToHouse()]"/>
    <testcase name="addFirePitToHouse" classname="HomeTest" time="0.0" displayname="addFirePitToHouse()" uniqueid="[engine:junit-jupiter]/[class:HomeTest]/[method:addFirePitToHouse()]"/>
    <testcase name="addDoubleBathroomToHouse" classname="HomeTest" time="0.0" displayname="addDoubleBathroomToHouse()" uniqueid="[engine:junit-jupiter]/[class:HomeTest]/[method:addDoubleBathroomToHouse()]"/>
    <testcase name="addDoubleBathroomToApartment" classname="HomeTest" time="0.0" displayname="addDoubleBathroomToApartment()" uniqueid="[engine:junit-jupiter]/[class:HomeTest]/[method:addDoubleBathroomToApartment()]"/>
    <testcase name="addBedroomToHouse" classname="HomeTest" time="0.0" displayname="addBedroomToHouse()" uniqueid="[engine:junit-jupiter]/[class:HomeTest]/[method:addBedroomToHouse()]"/>
    <testcase name="exampleHouse" classname="HomeTest" time="0.001" displayname="exampleHouse()" uniqueid="[engine:junit-jupiter]/[class:HomeTest]/[method:exampleHouse()]"/>
    <testcase name="addHistoricToHouse" classname="HomeTest" time="0.0" displayname="addHistoricToHouse()" uniqueid="[engine:junit-jupiter]/[class:HomeTest]/[method:addHistoricToHouse()]"/>
    <testcase name="addHardwoodFloorToHouse" classname="HomeTest" time="0.0" displayname="addHardwoodFloorToHouse()" uniqueid="[engine:junit-jupiter]/[class:HomeTest]/[method:addHardwoodFloorToHouse()]"/>
    <testcase name="addSqftToHouse" classname="HomeTest" time="0.001" displayname="addSqftToHouse()" uniqueid="[engine:junit-jupiter]/[class:HomeTest]/[method:addSqftToHouse()]"/>
    <testcase name="exampleCastle" classname="HomeTest" time="0.001" displayname="exampleCastle()" uniqueid="[engine:junit-jupiter]/[class:HomeTest]/[method:exampleCastle()]">
      <failure>
        <expected>9241800.0</expected>
        <actual>331800.0</actual>org.opentest4j.AssertionFailedError: expected: &lt;9241800.0&gt; but was: &lt;331800.0&gt;&#13;
	at org.junit.jupiter.api.AssertionUtils.fail(AssertionUtils.java:52)&#13;
	at org.junit.jupiter.api.AssertEquals.failNotEqual(AssertEquals.java:177)&#13;
	at org.junit.jupiter.api.AssertEquals.assertEquals(AssertEquals.java:74)&#13;
	at org.junit.jupiter.api.AssertEquals.assertEquals(AssertEquals.java:65)&#13;
	at org.junit.jupiter.api.Assertions.assertEquals(Assertions.java:424)&#13;
	at HomeTest.exampleCastle(HomeTest.java:251)&#13;
	at sun.reflect.NativeMethodAccessorImpl.invoke0(Native Method)&#13;
	at sun.reflect.NativeMethodAccessorImpl.invoke(Unknown Source)&#13;
	at sun.reflect.DelegatingMethodAccessorImpl.invoke(Unknown Source)&#13;
	at java.lang.reflect.Method.invoke(Unknown Source)&#13;
	at org.junit.platform.commons.util.ReflectionUtils.invokeMethod(ReflectionUtils.java:389)&#13;
	at org.junit.jupiter.engine.execution.ExecutableInvoker.invoke(ExecutableInvoker.java:115)&#13;
	at org.junit.jupiter.engine.descriptor.TestMethodTestDescriptor.lambda$invokeTestMethod$6(TestMethodTestDescriptor.java:167)&#13;
	at org.junit.jupiter.engine.execution.ThrowableCollector.execute(ThrowableCollector.java:40)&#13;
	at org.junit.jupiter.engine.descriptor.TestMethodTestDescriptor.invokeTestMethod(TestMethodTestDescriptor.java:163)&#13;
	at org.junit.jupiter.engine.descriptor.TestMethodTestDescriptor.execute(TestMethodTestDescriptor.java:110)&#13;
	at org.junit.jupiter.engine.descriptor.TestMethodTestDescriptor.execute(TestMethodTestDescriptor.java:57)&#13;
	at org.junit.platform.engine.support.hierarchical.HierarchicalTestExecutor.lambda$execute$3(HierarchicalTestExecutor.java:83)&#13;
	at org.junit.platform.engine.support.hierarchical.SingleTestExecutor.executeSafely(SingleTestExecutor.java:66)&#13;
	at org.junit.platform.engine.support.hierarchical.HierarchicalTestExecutor.execute(HierarchicalTestExecutor.java:77)&#13;
	at org.junit.platform.engine.support.hierarchical.HierarchicalTestExecutor.lambda$null$2(HierarchicalTestExecutor.java:92)&#13;
	at java.util.stream.ForEachOps$ForEachOp$OfRef.accept(Unknown Source)&#13;
	at java.util.stream.ReferencePipeline$2$1.accept(Unknown Source)&#13;
	at java.util.Iterator.forEachRemaining(Unknown Source)&#13;
	at java.util.Spliterators$IteratorSpliterator.forEachRemaining(Unknown Source)&#13;
	at java.util.stream.AbstractPipeline.copyInto(Unknown Source)&#13;
	at java.util.stream.AbstractPipeline.wrapAndCopyInto(Unknown Source)&#13;
	at java.util.stream.ForEachOps$ForEachOp.evaluateSequential(Unknown Source)&#13;
	at java.util.stream.ForEachOps$ForEachOp$OfRef.evaluateSequential(Unknown Source)&#13;
	at java.util.stream.AbstractPipeline.evaluate(Unknown Source)&#13;
	at java.util.stream.ReferencePipeline.forEach(Unknown Source)&#13;
	at org.junit.platform.engine.support.hierarchical.HierarchicalTestExecutor.lambda$execute$3(HierarchicalTestExecutor.java:92)&#13;
	at org.junit.platform.engine.support.hierarchical.SingleTestExecutor.executeSafely(SingleTestExecutor.java:66)&#13;
	at org.junit.platform.engine.support.hierarchical.HierarchicalTestExecutor.execute(HierarchicalTestExecutor.java:77)&#13;
	at org.junit.platform.engine.support.hierarchical.HierarchicalTestExecutor.lambda$null$2(HierarchicalTestExecutor.java:92)&#13;
	at java.util.stream.ForEachOps$ForEachOp$OfRef.accept(Unknown Source)&#13;
	at java.util.stream.ReferencePipeline$2$1.accept(Unknown Source)&#13;
	at java.util.Iterator.forEachRemaining(Unknown Source)&#13;
	at java.util.Spliterators$IteratorSpliterator.forEachRemaining(Unknown Source)&#13;
	at java.util.stream.AbstractPipeline.copyInto(Unknown Source)&#13;
	at java.util.stream.AbstractPipeline.wrapAndCopyInto(Unknown Source)&#13;
	at java.util.stream.ForEachOps$ForEachOp.evaluateSequential(Unknown Source)&#13;
	at java.util.stream.ForEachOps$ForEachOp$OfRef.evaluateSequential(Unknown Source)&#13;
	at java.util.stream.AbstractPipeline.evaluate(Unknown Source)&#13;
	at java.util.stream.ReferencePipeline.forEach(Unknown Source)&#13;
	at org.junit.platform.engine.support.hierarchical.HierarchicalTestExecutor.lambda$execute$3(HierarchicalTestExecutor.java:92)&#13;
	at org.junit.platform.engine.support.hierarchical.SingleTestExecutor.executeSafely(SingleTestExecutor.java:66)&#13;
	at org.junit.platform.engine.support.hierarchical.HierarchicalTestExecutor.execute(HierarchicalTestExecutor.java:77)&#13;
	at org.junit.platform.engine.support.hierarchical.HierarchicalTestExecutor.execute(HierarchicalTestExecutor.java:51)&#13;
	at org.junit.platform.engine.support.hierarchical.HierarchicalTestEngine.execute(HierarchicalTestEngine.java:43)&#13;
	at org.junit.platform.launcher.core.DefaultLauncher.execute(DefaultLauncher.java:170)&#13;
	at org.junit.platform.launcher.core.DefaultLauncher.execute(DefaultLauncher.java:154)&#13;
	at org.junit.platform.launcher.core.DefaultLauncher.execute(DefaultLauncher.java:90)&#13;
	at org.eclipse.jdt.internal.junit5.runner.JUnit5TestReference.run(JUnit5TestReference.java:86)&#13;
	at org.eclipse.jdt.internal.junit.runner.TestExecution.run(TestExecution.java:38)&#13;
	at org.eclipse.jdt.internal.junit.runner.RemoteTestRunner.runTests(RemoteTestRunner.java:538)&#13;
	at org.eclipse.jdt.internal.junit.runner.RemoteTestRunner.runTests(RemoteTestRunner.java:760)&#13;
	at org.eclipse.jdt.internal.junit.runner.RemoteTestRunner.run(RemoteTestRunner.java:460)&#13;
	at org.eclipse.jdt.internal.junit.runner.RemoteTestRunner.main(RemoteTestRunner.java:206)&#13;
&#13;
</failure>
    </testcase>
    <testcase name="addAcreageToSuburbanHouse" classname="HomeTest" time="0.0" displayname="addAcreageToSuburbanHouse()" uniqueid="[engine:junit-jupiter]/[class:HomeTest]/[method:addAcreageToSuburbanHouse()]"/>
    <testcase name="addJacuzziToHouse" classname="HomeTest" time="0.001" displayname="addJacuzziToHouse()" uniqueid="[engine:junit-jupiter]/[class:HomeTest]/[method:addJacuzziToHouse()]"/>
    <testcase name="addAcreageToUrbanHouse" classname="HomeTest" time="0.0" displayname="addAcreageToUrbanHouse()" uniqueid="[engine:junit-jupiter]/[class:HomeTest]/[method:addAcreageToUrbanHouse()]"/>
    <testcase name="addGatedCommunityToHouse" classname="HomeTest" time="0.001" displayname="addGatedCommunityToHouse()" uniqueid="[engine:junit-jupiter]/[class:HomeTest]/[method:addGatedCommunityToHouse()]"/>
    <testcase name="addSingleBathroomToHouse" classname="HomeTest" time="0.0" displayname="addSingleBathroomToHouse()" uniqueid="[engine:junit-jupiter]/[class:HomeTest]/[method:addSingleBathroomToHouse()]"/>
    <testcase name="addPoolToHouse" classname="HomeTest" time="0.0" displayname="addPoolToHouse()" uniqueid="[engine:junit-jupiter]/[class:HomeTest]/[method:addPoolToHouse()]"/>
    <testcase name="addGarageToHouse" classname="HomeTest" time="0.004" displayname="addGarageToHouse()" uniqueid="[engine:junit-jupiter]/[class:HomeTest]/[method:addGarageToHouse()]"/>
  </testsuite>
</testrun>
